<?xml version="1.0" encoding="UTF-8"?>
<testng-results skipped="0" failed="0" ignored="0" total="3" passed="3">
  <reporter-output>
    <line>
      <![CDATA[Login succes::adminflow     http://primusbank.qedgetech.com/adminflow.aspx]]>
    </line>
    <line>
      <![CDATA[Admin Logout Success]]>
    </line>
    <line>
      <![CDATA[Login succes::adminflow     http://primusbank.qedgetech.com/adminflow.aspx]]>
    </line>
    <line>
      <![CDATA[Branch Creation Success::New Branch with id 376 created Sucessfully       new Branch with]]>
    </line>
    <line>
      <![CDATA[Admin Logout Success]]>
    </line>
    <line>
      <![CDATA[Login succes::adminflow     http://primusbank.qedgetech.com/adminflow.aspx]]>
    </line>
    <line>
      <![CDATA[Branch update Fail::Branch updated Sucessfully      Branch updated]]>
    </line>
    <line>
      <![CDATA[Admin Logout Success]]>
    </line>
    <line>
      <![CDATA[No of rows are::7]]>
    </line>
    <line>
      <![CDATA[Login success::dashboard      http://orangehrm.qedgetech.com/symfony/web/index.php/dashboard]]>
    </line>
    <line>
      <![CDATA[Login Fail::Invalid credentials   dashboard      http://orangehrm.qedgetech.com/symfony/web/index.php/auth/validateCredentials]]>
    </line>
    <line>
      <![CDATA[Login success::dashboard      http://orangehrm.qedgetech.com/symfony/web/index.php/dashboard]]>
    </line>
    <line>
      <![CDATA[Login Fail::Username cannot be empty   dashboard      http://orangehrm.qedgetech.com/symfony/web/index.php/auth/login]]>
    </line>
    <line>
      <![CDATA[Login Fail::Invalid credentials   dashboard      http://orangehrm.qedgetech.com/symfony/web/index.php/auth/validateCredentials]]>
    </line>
    <line>
      <![CDATA[Login Fail::Password cannot be empty   dashboard      http://orangehrm.qedgetech.com/symfony/web/index.php/auth/login]]>
    </line>
    <line>
      <![CDATA[Login Fail::Invalid credentials   dashboard      http://orangehrm.qedgetech.com/symfony/web/index.php/auth/validateCredentials]]>
    </line>
  </reporter-output>
  <suite name="Batchframework" duration-ms="156592" started-at="2022-01-31T13:37:54Z" finished-at="2022-01-31T13:40:31Z">
    <groups>
    </groups>
    <test name="Driverscript" duration-ms="84301" started-at="2022-01-31T13:37:54Z" finished-at="2022-01-31T13:39:19Z">
      <class name="DriverFactory.DriverScript">
        <test-method status="PASS" signature="startTest()[pri:0, instance:DriverFactory.DriverScript@604ed9f0]" name="startTest" duration-ms="84249" started-at="2022-01-31T13:37:54Z" finished-at="2022-01-31T13:39:19Z">
          <reporter-output>
            <line>
              <![CDATA[Login succes::adminflow     http://primusbank.qedgetech.com/adminflow.aspx]]>
            </line>
            <line>
              <![CDATA[Admin Logout Success]]>
            </line>
            <line>
              <![CDATA[Login succes::adminflow     http://primusbank.qedgetech.com/adminflow.aspx]]>
            </line>
            <line>
              <![CDATA[Branch Creation Success::New Branch with id 376 created Sucessfully       new Branch with]]>
            </line>
            <line>
              <![CDATA[Admin Logout Success]]>
            </line>
            <line>
              <![CDATA[Login succes::adminflow     http://primusbank.qedgetech.com/adminflow.aspx]]>
            </line>
            <line>
              <![CDATA[Branch update Fail::Branch updated Sucessfully      Branch updated]]>
            </line>
            <line>
              <![CDATA[Admin Logout Success]]>
            </line>
          </reporter-output>
        </test-method> <!-- startTest -->
      </class> <!-- DriverFactory.DriverScript -->
    </test> <!-- Driverscript -->
    <test name="Testscript" duration-ms="40714" started-at="2022-01-31T13:39:19Z" finished-at="2022-01-31T13:39:59Z">
      <class name="DriverFactory.TestScript">
        <test-method status="PASS" signature="setUp()[pri:0, instance:DriverFactory.TestScript@4f7d0008]" name="setUp" is-config="true" duration-ms="13389" started-at="2022-01-31T13:39:19Z" finished-at="2022-01-31T13:39:32Z">
          <reporter-output>
          </reporter-output>
        </test-method> <!-- setUp -->
        <test-method status="PASS" signature="employeecreation()[pri:0, instance:DriverFactory.TestScript@4f7d0008]" name="employeecreation" duration-ms="22195" started-at="2022-01-31T13:39:32Z" finished-at="2022-01-31T13:39:54Z">
          <reporter-output>
          </reporter-output>
        </test-method> <!-- employeecreation -->
        <test-method status="PASS" signature="teardown()[pri:0, instance:DriverFactory.TestScript@4f7d0008]" name="teardown" is-config="true" duration-ms="5128" started-at="2022-01-31T13:39:54Z" finished-at="2022-01-31T13:39:59Z">
          <reporter-output>
          </reporter-output>
        </test-method> <!-- teardown -->
      </class> <!-- DriverFactory.TestScript -->
    </test> <!-- Testscript -->
    <test name="hybridscript" duration-ms="31484" started-at="2022-01-31T13:39:59Z" finished-at="2022-01-31T13:40:31Z">
      <class name="DriverFactory.DriverScript">
        <test-method status="PASS" signature="setUp()[pri:0, instance:DriverFactory.DriverScript@604ed9f0]" name="setUp" is-config="true" duration-ms="8225" started-at="2022-01-31T13:37:46Z" finished-at="2022-01-31T13:37:54Z">
          <reporter-output>
          </reporter-output>
        </test-method> <!-- setUp -->
        <test-method status="PASS" signature="tearDown()[pri:0, instance:DriverFactory.DriverScript@604ed9f0]" name="tearDown" is-config="true" duration-ms="142" started-at="2022-01-31T13:40:31Z" finished-at="2022-01-31T13:40:31Z">
          <reporter-output>
          </reporter-output>
        </test-method> <!-- tearDown -->
      </class> <!-- DriverFactory.DriverScript -->
      <class name="DriverFactory.DataDrivenDriversScript">
        <test-method status="PASS" signature="Setup()[pri:0, instance:DriverFactory.DataDrivenDriversScript@4cf777e8]" name="Setup" is-config="true" duration-ms="3755" started-at="2022-01-31T13:39:59Z" finished-at="2022-01-31T13:40:03Z">
          <reporter-output>
          </reporter-output>
        </test-method> <!-- Setup -->
        <test-method status="PASS" signature="verifyLogin()[pri:0, instance:DriverFactory.DataDrivenDriversScript@4cf777e8]" name="verifyLogin" duration-ms="27616" started-at="2022-01-31T13:40:03Z" finished-at="2022-01-31T13:40:31Z">
          <reporter-output>
            <line>
              <![CDATA[No of rows are::7]]>
            </line>
            <line>
              <![CDATA[Login success::dashboard      http://orangehrm.qedgetech.com/symfony/web/index.php/dashboard]]>
            </line>
            <line>
              <![CDATA[Login Fail::Invalid credentials   dashboard      http://orangehrm.qedgetech.com/symfony/web/index.php/auth/validateCredentials]]>
            </line>
            <line>
              <![CDATA[Login success::dashboard      http://orangehrm.qedgetech.com/symfony/web/index.php/dashboard]]>
            </line>
            <line>
              <![CDATA[Login Fail::Username cannot be empty   dashboard      http://orangehrm.qedgetech.com/symfony/web/index.php/auth/login]]>
            </line>
            <line>
              <![CDATA[Login Fail::Invalid credentials   dashboard      http://orangehrm.qedgetech.com/symfony/web/index.php/auth/validateCredentials]]>
            </line>
            <line>
              <![CDATA[Login Fail::Password cannot be empty   dashboard      http://orangehrm.qedgetech.com/symfony/web/index.php/auth/login]]>
            </line>
            <line>
              <![CDATA[Login Fail::Invalid credentials   dashboard      http://orangehrm.qedgetech.com/symfony/web/index.php/auth/validateCredentials]]>
            </line>
          </reporter-output>
        </test-method> <!-- verifyLogin -->
        <test-method status="PASS" signature="tearDown()[pri:0, instance:DriverFactory.DataDrivenDriversScript@4cf777e8]" name="tearDown" is-config="true" duration-ms="111" started-at="2022-01-31T13:40:31Z" finished-at="2022-01-31T13:40:31Z">
          <reporter-output>
          </reporter-output>
        </test-method> <!-- tearDown -->
      </class> <!-- DriverFactory.DataDrivenDriversScript -->
    </test> <!-- hybridscript -->
  </suite> <!-- Batchframework -->
</testng-results>
